<html>
<head>
<title>TestNG:  nGgage Smoke Suite</title>
<link href="../testng.css" rel="stylesheet" type="text/css" />
<link href="../my-testng.css" rel="stylesheet" type="text/css" />

<style type="text/css">
.log { display: none;} 
.stack-trace { display: none;} 
</style>
<script type="text/javascript">
<!--
function flip(e) {
  current = e.style.display;
  if (current == 'block') {
    e.style.display = 'none';
    return 0;
  }
  else {
    e.style.display = 'block';
    return 1;
  }
}

function toggleBox(szDivId, elem, msg1, msg2)
{
  var res = -1;  if (document.getElementById) {
    res = flip(document.getElementById(szDivId));
  }
  else if (document.all) {
    // this is the way old msie versions work
    res = flip(document.all[szDivId]);
  }
  if(elem) {
    if(res == 0) elem.innerHTML = msg1; else elem.innerHTML = msg2;
  }

}

function toggleAllBoxes() {
  if (document.getElementsByTagName) {
    d = document.getElementsByTagName('div');
    for (i = 0; i < d.length; i++) {
      if (d[i].className == 'log') {
        flip(d[i]);
      }
    }
  }
}

// -->
</script>

</head>
<body>
<h2 align='center'>nGgage Smoke Suite</h2><table border='1' align="center">
<tr>
<td>Tests passed/Failed/Skipped:</td><td>35/3/0</td>
</tr><tr>
<td>Started on:</td><td>Fri Jan 27 09:08:26 EST 2023</td>
</tr>
<tr><td>Total time:</td><td>1303 seconds (1303709 ms)</td>
</tr><tr>
<td>Included groups:</td><td></td>
</tr><tr>
<td>Excluded groups:</td><td></td>
</tr>
</table><p/>
<small><i>(Hover the method name to see the test class name)</i></small><p/>
<table width='100%' border='1' class='invocation-failed'>
<tr><td colspan='4' align='center'><b>FAILED TESTS</b></td></tr>
<tr><td><b>Test method</b></td>
<td width="30%"><b>Exception</b></td>
<td width="10%"><b>Time (seconds)</b></td>
<td><b>Instance</b></td>
</tr>
<tr>
<td title='com.qa.ngageplatform.tests.HomePageTest.VerifyFavouritesDocList_HOME_004_HOME_005_HOME_006()'><b>VerifyFavouritesDocList_HOME_004_HOME_005_HOME_006</b><br>Test class: com.qa.ngageplatform.tests.HomePageTest<br>Test method: Verify Add To Favorites, Remove To Favorites functionality with provided StringField value for Multipage viewer Doc</td>
<td><div><pre>java.lang.AssertionError: &quot;new value added using additional field&quot; and &quot;MyTest&quot; is not equal.Should be equal
	at org.testng.Assert.fail(Assert.java:96)
	at com.qa.ngageplatform.utils.AssertionUtil.verifyEqual(AssertionUtil.java:33)
	at com.qa.ngageplatform.tests.HomePageTest.VerifyFavouritesDocList_HOME_004_HOME_005_HOME_006(HomePageTest.java:53)
	at java.base/jdk.internal.reflect.NativeMethodAccessorImpl.invoke0(Native Method)
	at java.base/jdk.internal.reflect.NativeMethodAccessorImpl.invoke(NativeMethodAccessorImpl.java:77)
	at java.base/jdk.internal.reflect.DelegatingMethodAccessorImpl.invoke(DelegatingMethodAccessorImpl.java:43)
	at java.base/java.lang.reflect.Method.invoke(Method.java:568)
	at org.testng.internal.MethodInvocationHelper.invokeMethod(MethodInvocationHelper.java:124)
	at org.testng.internal.Invoker.invokeMethod(Invoker.java:583)
	at org.testng.internal.Invoker.invokeTestMethod(Invoker.java:719)
	at org.testng.internal.Invoker.invokeTestMethods(Invoker.java:989)
	at org.testng.internal.TestMethodWorker.invokeTestMethods(TestMethodWorker.java:125)
	at org.testng.internal.TestMethodWorker.run(TestMethodWorker.java:109)
	at java.base/java.util.concurrent.ThreadPoolExecutor.runWorker(ThreadPoolExecutor.java:1136)
	at java.base/java.util.concurrent.ThreadPoolExecutor$Worker.run(ThreadPoolExecutor.java:635)
	at java.base/java.lang.Thread.run(Thread.java:833)
</pre></div><a href='#' onClick='toggleBox("stack-trace1563773465", this, "Click to show all stack frames", "Click to hide stack frames")'>Click to show all stack frames</a>
<div class='stack-trace' id='stack-trace1563773465'><pre>java.lang.AssertionError: &quot;new value added using additional field&quot; and &quot;MyTest&quot; is not equal.Should be equal
	at org.testng.Assert.fail(Assert.java:96)
	at com.qa.ngageplatform.utils.AssertionUtil.verifyEqual(AssertionUtil.java:33)
	at com.qa.ngageplatform.tests.HomePageTest.VerifyFavouritesDocList_HOME_004_HOME_005_HOME_006(HomePageTest.java:53)
	at java.base/jdk.internal.reflect.NativeMethodAccessorImpl.invoke0(Native Method)
	at java.base/jdk.internal.reflect.NativeMethodAccessorImpl.invoke(NativeMethodAccessorImpl.java:77)
	at java.base/jdk.internal.reflect.DelegatingMethodAccessorImpl.invoke(DelegatingMethodAccessorImpl.java:43)
	at java.base/java.lang.reflect.Method.invoke(Method.java:568)
	at org.testng.internal.MethodInvocationHelper.invokeMethod(MethodInvocationHelper.java:124)
	at org.testng.internal.Invoker.invokeMethod(Invoker.java:583)
	at org.testng.internal.Invoker.invokeTestMethod(Invoker.java:719)
	at org.testng.internal.Invoker.invokeTestMethods(Invoker.java:989)
	at org.testng.internal.TestMethodWorker.invokeTestMethods(TestMethodWorker.java:125)
	at org.testng.internal.TestMethodWorker.run(TestMethodWorker.java:109)
	at java.base/java.util.concurrent.ThreadPoolExecutor.runWorker(ThreadPoolExecutor.java:1136)
	at java.base/java.util.concurrent.ThreadPoolExecutor$Worker.run(ThreadPoolExecutor.java:635)
	at java.base/java.lang.Thread.run(Thread.java:833)
</pre></div></td>
<td>88</td>
<td>com.qa.ngageplatform.tests.HomePageTest@46d567cb</td></tr>
<tr>
<td title='com.qa.ngageplatform.tests.WMITest.verifyCategoryMenuTab_WMI7()'><b>verifyCategoryMenuTab_WMI7</b><br>Test class: com.qa.ngageplatform.tests.WMITest<br>Test method: Verify Category Menu Tab components</td>
<td><div><pre>org.openqa.selenium.ElementNotInteractableException: element not interactable:  has no size and location
  (Session info: chrome=109.0.5414.120)
Build info: version: &apos;4.0.0&apos;, revision: &apos;3a21814679&apos;
System info: host: &apos;SA-RAFROZ-LT&apos;, ip: &apos;10.133.9.79&apos;, os.name: &apos;Windows 10&apos;, os.arch: &apos;amd64&apos;, os.version: &apos;10.0&apos;, java.version: &apos;17.0.4.1&apos;
Driver info: org.openqa.selenium.chrome.ChromeDriver
Command: [a375293a83bde85487a0476fe3f1735e, actions {actions=[org.openqa.selenium.interactions.Sequence@5952e3c0]}]
Capabilities {acceptInsecureCerts: false, browserName: chrome, browserVersion: 109.0.5414.120, chrome: {chromedriverVersion: 109.0.5414.74 (e7c5703604da..., userDataDir: C:\Users\rafroz\AppData\Loc...}, goog:chromeOptions: {debuggerAddress: localhost:58298}, javascriptEnabled: true, networkConnectionEnabled: false, pageLoadStrategy: normal, platform: WINDOWS, platformName: WINDOWS, proxy: Proxy(), se:cdp: ws://localhost:58298/devtoo..., se:cdpVersion: 109.0.5414.120, setWindowRect: true, strictFileInteractability: false, timeouts: {implicit: 0, pageLoad: 300000, script: 30000}, unhandledPromptBehavior: dismiss and notify, webauthn:extension:credBlob: true, webauthn:extension:largeBlob: true, webauthn:virtualAuthenticators: true}
Session ID: a375293a83bde85487a0476fe3f1735e
	at java.base/jdk.internal.reflect.NativeConstructorAccessorImpl.newInstance0(Native Method)
	at java.base/jdk.internal.reflect.NativeConstructorAccessorImpl.newInstance(NativeConstructorAccessorImpl.java:77)
	at java.base/jdk.internal.reflect.DelegatingConstructorAccessorImpl.newInstance(DelegatingConstructorAccessorImpl.java:45)
	at java.base/java.lang.reflect.Constructor.newInstanceWithCaller(Constructor.java:499)
	at java.base/java.lang.reflect.Constructor.newInstance(Constructor.java:480)
	at org.openqa.selenium.remote.codec.w3c.W3CHttpResponseCodec.createException(W3CHttpResponseCodec.java:200)
	at org.openqa.selenium.remote.codec.w3c.W3CHttpResponseCodec.decode(W3CHttpResponseCodec.java:133)
	at org.openqa.selenium.remote.codec.w3c.W3CHttpResponseCodec.decode(W3CHttpResponseCodec.java:53)
	at org.openqa.selenium.remote.HttpCommandExecutor.execute(HttpCommandExecutor.java:184)
	at org.openqa.selenium.remote.service.DriverCommandExecutor.invokeExecute(DriverCommandExecutor.java:164)
	at org.openqa.selenium.remote.service.DriverCommandExecutor.execute(DriverCommandExecutor.java:139)
	at org.openqa.selenium.remote.RemoteWebDriver.execute(RemoteWebDriver.java:559)
	at org.openqa.selenium.remote.RemoteWebDriver.perform(RemoteWebDriver.java:627)
	at org.openqa.selenium.interactions.Actions$BuiltAction.perform(Actions.java:617)
	at org.openqa.selenium.interactions.Actions.perform(Actions.java:573)
	at com.qa.ngageplatform.utils.ElementUtil.moveToElementAndClick(ElementUtil.java:488)
	at com.qa.ngageplatform.pages.NewDocPage.navigateAndClickToRenderAllFieldsTypeLink(NewDocPage.java:805)
	at com.qa.ngageplatform.tests.WMITest.verifyCategoryMenuTab_WMI7(WMITest.java:133)
	at java.base/jdk.internal.reflect.NativeMethodAccessorImpl.invoke0(Native Method)
	at java.base/jdk.internal.reflect.NativeMethodAccessorImpl.invoke(NativeMethodAccessorImpl.java:77)
	at java.base/jdk.internal.reflect.DelegatingMethodAccessorImpl.invoke(DelegatingMethodAccessorImpl.java:43)
	at java.base/java.lang.reflect.Method.invoke(Method.java:568)
	at org.testng.internal.MethodInvocationHelper.invokeMethod(MethodInvocationHelper.java:124)
	at org.testng.internal.Invoker.invokeMethod(Invoker.java:583)
	at org.testng.internal.Invoker.invokeTestMethod(Invoker.java:719)
	at org.testng.internal.Invoker.invokeTestMethods(Invoker.java:989)
	at org.testng.internal.TestMethodWorker.invokeTestMethods(TestMethodWorker.java:125)
	at org.testng.internal.TestMethodWorker.run(TestMethodWorker.java:109)
	at java.base/java.util.concurrent.ThreadPoolExecutor.runWorker(ThreadPoolExecutor.java:1136)
	at java.base/java.util.concurrent.ThreadPoolExecutor$Worker.run(ThreadPoolExecutor.java:635)
	at java.base/java.lang.Thread.run(Thread.java:833)
</pre></div><a href='#' onClick='toggleBox("stack-trace804323035", this, "Click to show all stack frames", "Click to hide stack frames")'>Click to show all stack frames</a>
<div class='stack-trace' id='stack-trace804323035'><pre>org.openqa.selenium.ElementNotInteractableException: element not interactable:  has no size and location
  (Session info: chrome=109.0.5414.120)
Build info: version: &apos;4.0.0&apos;, revision: &apos;3a21814679&apos;
System info: host: &apos;SA-RAFROZ-LT&apos;, ip: &apos;10.133.9.79&apos;, os.name: &apos;Windows 10&apos;, os.arch: &apos;amd64&apos;, os.version: &apos;10.0&apos;, java.version: &apos;17.0.4.1&apos;
Driver info: org.openqa.selenium.chrome.ChromeDriver
Command: [a375293a83bde85487a0476fe3f1735e, actions {actions=[org.openqa.selenium.interactions.Sequence@5952e3c0]}]
Capabilities {acceptInsecureCerts: false, browserName: chrome, browserVersion: 109.0.5414.120, chrome: {chromedriverVersion: 109.0.5414.74 (e7c5703604da..., userDataDir: C:\Users\rafroz\AppData\Loc...}, goog:chromeOptions: {debuggerAddress: localhost:58298}, javascriptEnabled: true, networkConnectionEnabled: false, pageLoadStrategy: normal, platform: WINDOWS, platformName: WINDOWS, proxy: Proxy(), se:cdp: ws://localhost:58298/devtoo..., se:cdpVersion: 109.0.5414.120, setWindowRect: true, strictFileInteractability: false, timeouts: {implicit: 0, pageLoad: 300000, script: 30000}, unhandledPromptBehavior: dismiss and notify, webauthn:extension:credBlob: true, webauthn:extension:largeBlob: true, webauthn:virtualAuthenticators: true}
Session ID: a375293a83bde85487a0476fe3f1735e
	at java.base/jdk.internal.reflect.NativeConstructorAccessorImpl.newInstance0(Native Method)
	at java.base/jdk.internal.reflect.NativeConstructorAccessorImpl.newInstance(NativeConstructorAccessorImpl.java:77)
	at java.base/jdk.internal.reflect.DelegatingConstructorAccessorImpl.newInstance(DelegatingConstructorAccessorImpl.java:45)
	at java.base/java.lang.reflect.Constructor.newInstanceWithCaller(Constructor.java:499)
	at java.base/java.lang.reflect.Constructor.newInstance(Constructor.java:480)
	at org.openqa.selenium.remote.codec.w3c.W3CHttpResponseCodec.createException(W3CHttpResponseCodec.java:200)
	at org.openqa.selenium.remote.codec.w3c.W3CHttpResponseCodec.decode(W3CHttpResponseCodec.java:133)
	at org.openqa.selenium.remote.codec.w3c.W3CHttpResponseCodec.decode(W3CHttpResponseCodec.java:53)
	at org.openqa.selenium.remote.HttpCommandExecutor.execute(HttpCommandExecutor.java:184)
	at org.openqa.selenium.remote.service.DriverCommandExecutor.invokeExecute(DriverCommandExecutor.java:164)
	at org.openqa.selenium.remote.service.DriverCommandExecutor.execute(DriverCommandExecutor.java:139)
	at org.openqa.selenium.remote.RemoteWebDriver.execute(RemoteWebDriver.java:559)
	at org.openqa.selenium.remote.RemoteWebDriver.perform(RemoteWebDriver.java:627)
	at org.openqa.selenium.interactions.Actions$BuiltAction.perform(Actions.java:617)
	at org.openqa.selenium.interactions.Actions.perform(Actions.java:573)
	at com.qa.ngageplatform.utils.ElementUtil.moveToElementAndClick(ElementUtil.java:488)
	at com.qa.ngageplatform.pages.NewDocPage.navigateAndClickToRenderAllFieldsTypeLink(NewDocPage.java:805)
	at com.qa.ngageplatform.tests.WMITest.verifyCategoryMenuTab_WMI7(WMITest.java:133)
	at java.base/jdk.internal.reflect.NativeMethodAccessorImpl.invoke0(Native Method)
	at java.base/jdk.internal.reflect.NativeMethodAccessorImpl.invoke(NativeMethodAccessorImpl.java:77)
	at java.base/jdk.internal.reflect.DelegatingMethodAccessorImpl.invoke(DelegatingMethodAccessorImpl.java:43)
	at java.base/java.lang.reflect.Method.invoke(Method.java:568)
	at org.testng.internal.MethodInvocationHelper.invokeMethod(MethodInvocationHelper.java:124)
	at org.testng.internal.Invoker.invokeMethod(Invoker.java:583)
	at org.testng.internal.Invoker.invokeTestMethod(Invoker.java:719)
	at org.testng.internal.Invoker.invokeTestMethods(Invoker.java:989)
	at org.testng.internal.TestMethodWorker.invokeTestMethods(TestMethodWorker.java:125)
	at org.testng.internal.TestMethodWorker.run(TestMethodWorker.java:109)
	at java.base/java.util.concurrent.ThreadPoolExecutor.runWorker(ThreadPoolExecutor.java:1136)
	at java.base/java.util.concurrent.ThreadPoolExecutor$Worker.run(ThreadPoolExecutor.java:635)
	at java.base/java.lang.Thread.run(Thread.java:833)
</pre></div></td>
<td>27</td>
<td>com.qa.ngageplatform.tests.WMITest@499683c4</td></tr>
<tr>
<td title='com.qa.ngageplatform.tests.ReportTest.verifyUserlistingReportGraghExist_Report001()'><b>verifyUserlistingReportGraghExist_Report001</b><br>Test class: com.qa.ngageplatform.tests.ReportTest<br>Test method: Verify Line gragh is displayed for Security Management User listing</td>
<td><div><pre>java.lang.AssertionError: Expected condition failed: waiting for frame to be available: By.id: GROUP_CATEGORY_REPORT_38_iframe (tried for 20 second(s) with 500 milliseconds interval)
	at org.testng.Assert.fail(Assert.java:96)
	at com.qa.ngageplatform.pages.ReportPage.getUserListinglineGraphCount(ReportPage.java:92)
	at com.qa.ngageplatform.tests.ReportTest.verifyUserlistingReportGraghExist_Report001(ReportTest.java:17)
	at java.base/jdk.internal.reflect.NativeMethodAccessorImpl.invoke0(Native Method)
	at java.base/jdk.internal.reflect.NativeMethodAccessorImpl.invoke(NativeMethodAccessorImpl.java:77)
	at java.base/jdk.internal.reflect.DelegatingMethodAccessorImpl.invoke(DelegatingMethodAccessorImpl.java:43)
	at java.base/java.lang.reflect.Method.invoke(Method.java:568)
	at org.testng.internal.MethodInvocationHelper.invokeMethod(MethodInvocationHelper.java:124)
	at org.testng.internal.Invoker.invokeMethod(Invoker.java:583)
	at org.testng.internal.Invoker.invokeTestMethod(Invoker.java:719)
	at org.testng.internal.Invoker.invokeTestMethods(Invoker.java:989)
	at org.testng.internal.TestMethodWorker.invokeTestMethods(TestMethodWorker.java:125)
	at org.testng.internal.TestMethodWorker.run(TestMethodWorker.java:109)
	at java.base/java.util.concurrent.ThreadPoolExecutor.runWorker(ThreadPoolExecutor.java:1136)
	at java.base/java.util.concurrent.ThreadPoolExecutor$Worker.run(ThreadPoolExecutor.java:635)
	at java.base/java.lang.Thread.run(Thread.java:833)
</pre></div><a href='#' onClick='toggleBox("stack-trace660024890", this, "Click to show all stack frames", "Click to hide stack frames")'>Click to show all stack frames</a>
<div class='stack-trace' id='stack-trace660024890'><pre>java.lang.AssertionError: Expected condition failed: waiting for frame to be available: By.id: GROUP_CATEGORY_REPORT_38_iframe (tried for 20 second(s) with 500 milliseconds interval)
	at org.testng.Assert.fail(Assert.java:96)
	at com.qa.ngageplatform.pages.ReportPage.getUserListinglineGraphCount(ReportPage.java:92)
	at com.qa.ngageplatform.tests.ReportTest.verifyUserlistingReportGraghExist_Report001(ReportTest.java:17)
	at java.base/jdk.internal.reflect.NativeMethodAccessorImpl.invoke0(Native Method)
	at java.base/jdk.internal.reflect.NativeMethodAccessorImpl.invoke(NativeMethodAccessorImpl.java:77)
	at java.base/jdk.internal.reflect.DelegatingMethodAccessorImpl.invoke(DelegatingMethodAccessorImpl.java:43)
	at java.base/java.lang.reflect.Method.invoke(Method.java:568)
	at org.testng.internal.MethodInvocationHelper.invokeMethod(MethodInvocationHelper.java:124)
	at org.testng.internal.Invoker.invokeMethod(Invoker.java:583)
	at org.testng.internal.Invoker.invokeTestMethod(Invoker.java:719)
	at org.testng.internal.Invoker.invokeTestMethods(Invoker.java:989)
	at org.testng.internal.TestMethodWorker.invokeTestMethods(TestMethodWorker.java:125)
	at org.testng.internal.TestMethodWorker.run(TestMethodWorker.java:109)
	at java.base/java.util.concurrent.ThreadPoolExecutor.runWorker(ThreadPoolExecutor.java:1136)
	at java.base/java.util.concurrent.ThreadPoolExecutor$Worker.run(ThreadPoolExecutor.java:635)
	at java.base/java.lang.Thread.run(Thread.java:833)
</pre></div></td>
<td>56</td>
<td>com.qa.ngageplatform.tests.ReportTest@43a51d00</td></tr>
</table><p>
<table width='100%' border='1' class='invocation-passed'>
<tr><td colspan='4' align='center'><b>PASSED TESTS</b></td></tr>
<tr><td><b>Test method</b></td>
<td width="30%"><b>Exception</b></td>
<td width="10%"><b>Time (seconds)</b></td>
<td><b>Instance</b></td>
</tr>
<tr>
<td title='com.qa.ngageplatform.tests.WMITest.VerifyNewLinkDefaultTab_WMI5_WMI6()'><b>VerifyNewLinkDefaultTab_WMI5_WMI6</b><br>Test class: com.qa.ngageplatform.tests.WMITest<br>Test method: Verify New Link Default tab components</td>
<td></td>
<td>111</td>
<td>com.qa.ngageplatform.tests.WMITest@499683c4</td></tr>
<tr>
<td title='com.qa.ngageplatform.tests.MyWorkTest.verifyActivityADashboardBarGraphAndWorkItemTableOnAssignmentScreen_MW015()'><b>verifyActivityADashboardBarGraphAndWorkItemTableOnAssignmentScreen_MW015</b><br>Test class: com.qa.ngageplatform.tests.MyWorkTest<br>Test method: Verify ActivityA Dashboard Bar Graph And Work Item Table on Assignment Tab Screen</td>
<td></td>
<td>53</td>
<td>com.qa.ngageplatform.tests.MyWorkTest@363a3d15</td></tr>
<tr>
<td title='com.qa.ngageplatform.tests.MyWorkTest.verifyActivityADashboardBarGraphAndWorkItemTableOnEventScreen()'><b>verifyActivityADashboardBarGraphAndWorkItemTableOnEventScreen</b><br>Test class: com.qa.ngageplatform.tests.MyWorkTest<br>Test method: Verify ActivityA Dashboard Bar Graph And Work Item Table on Activity Event State Tab Screen</td>
<td></td>
<td>40</td>
<td>com.qa.ngageplatform.tests.MyWorkTest@363a3d15</td></tr>
<tr>
<td title='com.qa.ngageplatform.tests.MyWorkTest.verifyActivityADashboardBarGraphAndWorkItemTableOnNewVsInprocessScreen()'><b>verifyActivityADashboardBarGraphAndWorkItemTableOnNewVsInprocessScreen</b><br>Test class: com.qa.ngageplatform.tests.MyWorkTest<br>Test method: Verify ActivityA Dashboard Bar Graph And Work Item Table on NewVsInprocess Tab Screen</td>
<td></td>
<td>41</td>
<td>com.qa.ngageplatform.tests.MyWorkTest@363a3d15</td></tr>
<tr>
<td title='com.qa.ngageplatform.tests.ReportTest.verifyAllWorkItemErrorReportGraghExist_Report005()'><b>verifyAllWorkItemErrorReportGraghExist_Report005</b><br>Test class: com.qa.ngageplatform.tests.ReportTest<br>Test method: Verify Line gragh is displayed for Security Management User listing</td>
<td></td>
<td>17</td>
<td>com.qa.ngageplatform.tests.ReportTest@43a51d00</td></tr>
<tr>
<td title='com.qa.ngageplatform.tests.MyWorkTest.verifyAssignedWorkItem()'><b>verifyAssignedWorkItem</b><br>Test class: com.qa.ngageplatform.tests.MyWorkTest<br>Test method: Verify Assigned Work Item with message</td>
<td></td>
<td>82</td>
<td>com.qa.ngageplatform.tests.MyWorkTest@363a3d15</td></tr>
<tr>
<td title='com.qa.ngageplatform.tests.MyWorkSimplifiedTest.verifyCloserActionActivityADetails_MWS001_To_MWS006()'><b>verifyCloserActionActivityADetails_MWS001_To_MWS006</b><br>Test class: com.qa.ngageplatform.tests.MyWorkSimplifiedTest<br>Test method: Verify activity text, search result, reset, SearchHeadBar process Due Date Start and End</td>
<td></td>
<td>152</td>
<td>com.qa.ngageplatform.tests.MyWorkSimplifiedTest@173f73e7</td></tr>
<tr>
<td title='com.qa.ngageplatform.tests.RepositoryTest.verifyCloser_Repo013()'><b>verifyCloser_Repo013</b><br>Test class: com.qa.ngageplatform.tests.RepositoryTest<br>Test method: Verify Set and Reset layout by column drag and drop</td>
<td></td>
<td>30</td>
<td>com.qa.ngageplatform.tests.RepositoryTest@2e23c180</td></tr>
<tr>
<td title='com.qa.ngageplatform.tests.MyWorkTest.verifyClosureActionDashboardPageContent_MW014()'><b>verifyClosureActionDashboardPageContent_MW014</b><br>Test class: com.qa.ngageplatform.tests.MyWorkTest<br>Test method: Verify Default Dashboard Screen Content for Closure Action Link</td>
<td></td>
<td>33</td>
<td>com.qa.ngageplatform.tests.MyWorkTest@363a3d15</td></tr>
<tr>
<td title='com.qa.ngageplatform.tests.MyWorkSimplifiedTest.verifyGetNextIsDisplayesOrNot_MWS010()'><b>verifyGetNextIsDisplayesOrNot_MWS010</b><br>Test class: com.qa.ngageplatform.tests.MyWorkSimplifiedTest<br>Test method: Verify GetNext item displayed for Closure activity but not displayed for Corresponse Generation</td>
<td></td>
<td>49</td>
<td>com.qa.ngageplatform.tests.MyWorkSimplifiedTest@173f73e7</td></tr>
<tr>
<td title='com.qa.ngageplatform.tests.MyWorkTest.verifyLockIcon()'><b>verifyLockIcon</b><br>Test class: com.qa.ngageplatform.tests.MyWorkTest<br>Test method: Verify Lock Icon on different action</td>
<td></td>
<td>92</td>
<td>com.qa.ngageplatform.tests.MyWorkTest@363a3d15</td></tr>
<tr>
<td title='com.qa.ngageplatform.tests.WMITest.verifyMasterObjectFeatureWorkItemComponents_WMI7()'><b>verifyMasterObjectFeatureWorkItemComponents_WMI7</b><br>Test class: com.qa.ngageplatform.tests.WMITest<br>Test method: Verify Master Object Feature Work Item components</td>
<td></td>
<td>21</td>
<td>com.qa.ngageplatform.tests.WMITest@499683c4</td></tr>
<tr>
<td title='com.qa.ngageplatform.tests.RepositoryTest.verifyMultivalue_Repo014()'><b>verifyMultivalue_Repo014</b><br>Test class: com.qa.ngageplatform.tests.RepositoryTest<br>Test method: Verify multi value for int and String field types after creating new doc </td>
<td></td>
<td>38</td>
<td>com.qa.ngageplatform.tests.RepositoryTest@2e23c180</td></tr>
<tr>
<td title='com.qa.ngageplatform.tests.MyWorkSimplifiedTest.verifyPageCount_MWS008()'><b>verifyPageCount_MWS008</b><br>Test class: com.qa.ngageplatform.tests.MyWorkSimplifiedTest<br>Test method: Verify the page count information</td>
<td></td>
<td>38</td>
<td>com.qa.ngageplatform.tests.MyWorkSimplifiedTest@173f73e7</td></tr>
<tr>
<td title='com.qa.ngageplatform.tests.MyWorkTest.verifyPaginationInfoAndCustomerNameForWorkItemList_MW001_MW002()'><b>verifyPaginationInfoAndCustomerNameForWorkItemList_MW001_MW002</b><br>Test class: com.qa.ngageplatform.tests.MyWorkTest<br>Test method: Verify Default and User Navigated Pagination Info and Searched Customer Name</td>
<td></td>
<td>58</td>
<td>com.qa.ngageplatform.tests.MyWorkTest@363a3d15</td></tr>
<tr>
<td title='com.qa.ngageplatform.tests.MyWorkTest.verifyProcessDueDateBetweenStartAndEndRange_MW005_MW006()'><b>verifyProcessDueDateBetweenStartAndEndRange_MW005_MW006</b><br>Test class: com.qa.ngageplatform.tests.MyWorkTest<br>Test method: Verify Search Result for Process Due Date Start Range and End Range</td>
<td></td>
<td>69</td>
<td>com.qa.ngageplatform.tests.MyWorkTest@363a3d15</td></tr>
<tr>
<td title='com.qa.ngageplatform.tests.MyWorkTest.verifyProcessDueDateEndRange_MW004()'><b>verifyProcessDueDateEndRange_MW004</b><br>Test class: com.qa.ngageplatform.tests.MyWorkTest<br>Test method: Verify Search Result for Process Due Date End Range</td>
<td></td>
<td>51</td>
<td>com.qa.ngageplatform.tests.MyWorkTest@363a3d15</td></tr>
<tr>
<td title='com.qa.ngageplatform.tests.MyWorkTest.verifyProcessDueDateStartRange_MW003()'><b>verifyProcessDueDateStartRange_MW003</b><br>Test class: com.qa.ngageplatform.tests.MyWorkTest<br>Test method: Verify Search Result for Process Due Date Start Range</td>
<td></td>
<td>49</td>
<td>com.qa.ngageplatform.tests.MyWorkTest@363a3d15</td></tr>
<tr>
<td title='com.qa.ngageplatform.tests.MyWorkTest.verifyProcessesDashboardPageContent_MW013()'><b>verifyProcessesDashboardPageContent_MW013</b><br>Test class: com.qa.ngageplatform.tests.MyWorkTest<br>Test method: Verify Default Dashboard Screen Content for Process Link</td>
<td></td>
<td>42</td>
<td>com.qa.ngageplatform.tests.MyWorkTest@363a3d15</td></tr>
<tr>
<td title='com.qa.ngageplatform.tests.HomePageTest.verifyRecentDocumentList_HOME_001_HOME_002_HOME_003_HOME007_HOME009()'><b>verifyRecentDocumentList_HOME_001_HOME_002_HOME_003_HOME007_HOME009</b><br>Test class: com.qa.ngageplatform.tests.HomePageTest<br>Test method: Verify Newly Created DocID, Document Title and Last Action value</td>
<td></td>
<td>109</td>
<td>com.qa.ngageplatform.tests.HomePageTest@46d567cb</td></tr>
<tr>
<td title='com.qa.ngageplatform.tests.MyWorkSimplifiedTest.verifyRecordSortedAscAndDsc_MWS009()'><b>verifyRecordSortedAscAndDsc_MWS009</b><br>Test class: com.qa.ngageplatform.tests.MyWorkSimplifiedTest<br>Test method: Verify records are sorted as Ascending and Descending order</td>
<td></td>
<td>62</td>
<td>com.qa.ngageplatform.tests.MyWorkSimplifiedTest@173f73e7</td></tr>
<tr>
<td title='com.qa.ngageplatform.tests.WMITest.verifyReferenceObjectInlineNewDocumentContent_WMI2_WMI_3_WMI_4()'><b>verifyReferenceObjectInlineNewDocumentContent_WMI2_WMI_3_WMI_4</b><br>Test class: com.qa.ngageplatform.tests.WMITest<br>Test method: Verify Reference Object InlineNew document content</td>
<td></td>
<td>80</td>
<td>com.qa.ngageplatform.tests.WMITest@499683c4</td></tr>
<tr>
<td title='com.qa.ngageplatform.tests.MyWorkTest.verifyRightClickOptionForActivityAWithFolderingConfigurationScreenContent()'><b>verifyRightClickOptionForActivityAWithFolderingConfigurationScreenContent</b><br>Test class: com.qa.ngageplatform.tests.MyWorkTest<br>Test method: Verify ActivityA should have Foldering Configuration option and Verify Default Content of Foldering Configuration Screen</td>
<td></td>
<td>34</td>
<td>com.qa.ngageplatform.tests.MyWorkTest@363a3d15</td></tr>
<tr>
<td title='com.qa.ngageplatform.tests.MyWorkTest.verifyRightClickOptionForReloadOnPostback_MW008_MW009()'><b>verifyRightClickOptionForReloadOnPostback_MW008_MW009</b><br>Test class: com.qa.ngageplatform.tests.MyWorkTest<br>Test method: Verify Right Click options for ReloadOnPostback link</td>
<td></td>
<td>20</td>
<td>com.qa.ngageplatform.tests.MyWorkTest@363a3d15</td></tr>
<tr>
<td title='com.qa.ngageplatform.tests.MyWorkTest.verifyRouteActivityC_MW010()'><b>verifyRouteActivityC_MW010</b><br>Test class: com.qa.ngageplatform.tests.MyWorkTest<br>Test method: Verify Route to another ActivityC Test</td>
<td></td>
<td>67</td>
<td>com.qa.ngageplatform.tests.MyWorkTest@363a3d15</td></tr>
<tr>
<td title='com.qa.ngageplatform.tests.RepositoryTest.verifySearchResultForBusinessModelDoc_Repo011()'><b>verifySearchResultForBusinessModelDoc_Repo011</b><br>Test class: com.qa.ngageplatform.tests.RepositoryTest<br>Test method: Verify Repository search result for 'Business Model</td>
<td></td>
<td>33</td>
<td>com.qa.ngageplatform.tests.RepositoryTest@2e23c180</td></tr>
<tr>
<td title='com.qa.ngageplatform.tests.RepositoryTest.verifySearchResultForBusinessModel_Repo001_Repo002()'><b>verifySearchResultForBusinessModel_Repo001_Repo002</b><br>Test class: com.qa.ngageplatform.tests.RepositoryTest<br>Test method: Verify Repository search result for Business Model Doc</td>
<td></td>
<td>109</td>
<td>com.qa.ngageplatform.tests.RepositoryTest@2e23c180</td></tr>
<tr>
<td title='com.qa.ngageplatform.tests.RepositoryTest.verifySearchResultForClosureDoc_Repo009_To_Repo010()'><b>verifySearchResultForClosureDoc_Repo009_To_Repo010</b><br>Test class: com.qa.ngageplatform.tests.RepositoryTest<br>Test method: Verify Repository search result for Colsure Doc</td>
<td></td>
<td>68</td>
<td>com.qa.ngageplatform.tests.RepositoryTest@2e23c180</td></tr>
<tr>
<td title='com.qa.ngageplatform.tests.RepositoryTest.verifySearchResultForDateTimeDoc_Repo003_To_Repo008()'><b>verifySearchResultForDateTimeDoc_Repo003_To_Repo008</b><br>Test class: com.qa.ngageplatform.tests.RepositoryTest<br>Test method: Verify Repository search result for Date Time Doc</td>
<td></td>
<td>117</td>
<td>com.qa.ngageplatform.tests.RepositoryTest@2e23c180</td></tr>
<tr>
<td title='com.qa.ngageplatform.tests.RepositoryTest.verifySearchResultForWMIMenu_Repo012()'><b>verifySearchResultForWMIMenu_Repo012</b><br>Test class: com.qa.ngageplatform.tests.RepositoryTest<br>Test method: Verify Repository search result for 'WMI Menu</td>
<td></td>
<td>74</td>
<td>com.qa.ngageplatform.tests.RepositoryTest@2e23c180</td></tr>
<tr>
<td title='com.qa.ngageplatform.tests.MyWorkTest.verifySortingByFolderingConfigurationScreenSelection_MW012()'><b>verifySortingByFolderingConfigurationScreenSelection_MW012</b><br>Test class: com.qa.ngageplatform.tests.MyWorkTest<br>Test method: Verify Sorting of Customer Name by Selecting Sorting criteria from Foldering Configuration screen</td>
<td></td>
<td>90</td>
<td>com.qa.ngageplatform.tests.MyWorkTest@363a3d15</td></tr>
<tr>
<td title='com.qa.ngageplatform.tests.HomePageTest.verifyUploadedPDFDocument_HOME008()'><b>verifyUploadedPDFDocument_HOME008</b><br>Test class: com.qa.ngageplatform.tests.HomePageTest<br>Test method: Verify Pagination Info value of Uploaded Document</td>
<td></td>
<td>49</td>
<td>com.qa.ngageplatform.tests.HomePageTest@46d567cb</td></tr>
<tr>
<td title='com.qa.ngageplatform.tests.ReportTest.verifyUserGrouplistingReport_007()'><b>verifyUserGrouplistingReport_007</b><br>Test class: com.qa.ngageplatform.tests.ReportTest<br>Test method: Verify result for Security Management User group listing</td>
<td></td>
<td>23</td>
<td>com.qa.ngageplatform.tests.ReportTest@43a51d00</td></tr>
<tr>
<td title='com.qa.ngageplatform.tests.ReportTest.verifyUserlistingUpdatedResultReportGraghExist_Report_006()'><b>verifyUserlistingUpdatedResultReportGraghExist_Report_006</b><br>Test class: com.qa.ngageplatform.tests.ReportTest<br>Test method: Verify Line gragh is displayed for Security Management User listing for Updated result Created By</td>
<td></td>
<td>16</td>
<td>com.qa.ngageplatform.tests.ReportTest@43a51d00</td></tr>
<tr>
<td title='com.qa.ngageplatform.tests.MyWorkSimplifiedTest.verifyWindowInfoAndCount_MWS007()'><b>verifyWindowInfoAndCount_MWS007</b><br>Test class: com.qa.ngageplatform.tests.MyWorkSimplifiedTest<br>Test method: Verify Recent Document Grid result, verify latest closure action document info in details </td>
<td></td>
<td>84</td>
<td>com.qa.ngageplatform.tests.MyWorkSimplifiedTest@173f73e7</td></tr>
</table><p>
</body>
</html>