<?xml version="1.0" encoding="UTF-8"?>
<!-- Generated by org.testng.reporters.JUnitXMLReporter -->
<testsuite ignored="0" hostname="SA-RAFROZ-LT" failures="3" tests="38" name="nGgage Smoke Suite" time="1303.709" errors="0" timestamp="27 Jan 2023 14:30:10 GMT">
  <testcase classname="com.qa.ngageplatform.tests.MyWorkTest" name="verifyActivityADashboardBarGraphAndWorkItemTableOnAssignmentScreen_MW015" time="53.161"/>
  <testcase classname="com.qa.ngageplatform.tests.ReportTest" name="verifyUserlistingReportGraghExist_Report001" time="56.794">
    <failure type="java.lang.AssertionError" message="Expected condition failed: waiting for frame to be available: By.id: GROUP_CATEGORY_REPORT_38_iframe (tried for 20 second(s) with 500 milliseconds interval)">
      <![CDATA[java.lang.AssertionError: Expected condition failed: waiting for frame to be available: By.id: GROUP_CATEGORY_REPORT_38_iframe (tried for 20 second(s) with 500 milliseconds interval)
at org.testng.Assert.fail(Assert.java:96)
at com.qa.ngageplatform.pages.ReportPage.getUserListinglineGraphCount(ReportPage.java:92)
at com.qa.ngageplatform.tests.ReportTest.verifyUserlistingReportGraghExist_Report001(ReportTest.java:17)
at java.base/jdk.internal.reflect.NativeMethodAccessorImpl.invoke0(Native Method)
at java.base/jdk.internal.reflect.NativeMethodAccessorImpl.invoke(NativeMethodAccessorImpl.java:77)
at java.base/jdk.internal.reflect.DelegatingMethodAccessorImpl.invoke(DelegatingMethodAccessorImpl.java:43)
at java.base/java.lang.reflect.Method.invoke(Method.java:568)
at org.testng.internal.MethodInvocationHelper.invokeMethod(MethodInvocationHelper.java:124)
at org.testng.internal.Invoker.invokeMethod(Invoker.java:583)
at org.testng.internal.Invoker.invokeTestMethod(Invoker.java:719)
at org.testng.internal.Invoker.invokeTestMethods(Invoker.java:989)
at org.testng.internal.TestMethodWorker.invokeTestMethods(TestMethodWorker.java:125)
at org.testng.internal.TestMethodWorker.run(TestMethodWorker.java:109)
at java.base/java.util.concurrent.ThreadPoolExecutor.runWorker(ThreadPoolExecutor.java:1136)
at java.base/java.util.concurrent.ThreadPoolExecutor$Worker.run(ThreadPoolExecutor.java:635)
at java.base/java.lang.Thread.run(Thread.java:833)
]]>
    </failure>
  </testcase> <!-- verifyUserlistingReportGraghExist_Report001 -->
  <testcase classname="com.qa.ngageplatform.tests.HomePageTest" name="VerifyFavouritesDocList_HOME_004_HOME_005_HOME_006" time="88.752">
    <failure type="java.lang.AssertionError" message="&amp;quot;new value added using additional field&amp;quot; and &amp;quot;MyTest&amp;quot; is not equal.Should be equal">
      <![CDATA[java.lang.AssertionError: "new value added using additional field" and "MyTest" is not equal.Should be equal
at org.testng.Assert.fail(Assert.java:96)
at com.qa.ngageplatform.utils.AssertionUtil.verifyEqual(AssertionUtil.java:33)
at com.qa.ngageplatform.tests.HomePageTest.VerifyFavouritesDocList_HOME_004_HOME_005_HOME_006(HomePageTest.java:53)
at java.base/jdk.internal.reflect.NativeMethodAccessorImpl.invoke0(Native Method)
at java.base/jdk.internal.reflect.NativeMethodAccessorImpl.invoke(NativeMethodAccessorImpl.java:77)
at java.base/jdk.internal.reflect.DelegatingMethodAccessorImpl.invoke(DelegatingMethodAccessorImpl.java:43)
at java.base/java.lang.reflect.Method.invoke(Method.java:568)
at org.testng.internal.MethodInvocationHelper.invokeMethod(MethodInvocationHelper.java:124)
at org.testng.internal.Invoker.invokeMethod(Invoker.java:583)
at org.testng.internal.Invoker.invokeTestMethod(Invoker.java:719)
at org.testng.internal.Invoker.invokeTestMethods(Invoker.java:989)
at org.testng.internal.TestMethodWorker.invokeTestMethods(TestMethodWorker.java:125)
at org.testng.internal.TestMethodWorker.run(TestMethodWorker.java:109)
at java.base/java.util.concurrent.ThreadPoolExecutor.runWorker(ThreadPoolExecutor.java:1136)
at java.base/java.util.concurrent.ThreadPoolExecutor$Worker.run(ThreadPoolExecutor.java:635)
at java.base/java.lang.Thread.run(Thread.java:833)
]]>
    </failure>
  </testcase> <!-- VerifyFavouritesDocList_HOME_004_HOME_005_HOME_006 -->
  <testcase classname="com.qa.ngageplatform.tests.MyWorkTest" name="verifyActivityADashboardBarGraphAndWorkItemTableOnEventScreen" time="40.227"/>
  <testcase classname="com.qa.ngageplatform.tests.RepositoryTest" name="verifySearchResultForBusinessModel_Repo001_Repo002" time="109.146"/>
  <testcase classname="com.qa.ngageplatform.tests.WMITest" name="VerifyNewLinkDefaultTab_WMI5_WMI6" time="111.735"/>
  <testcase classname="com.qa.ngageplatform.tests.MyWorkTest" name="verifyActivityADashboardBarGraphAndWorkItemTableOnNewVsInprocessScreen" time="41.306"/>
  <testcase classname="com.qa.ngageplatform.tests.WMITest" name="verifyCategoryMenuTab_WMI7" time="27.979">
    <failure type="org.openqa.selenium.ElementNotInteractableException" message="element not interactable:  has no size and location
  (Session info: chrome=109.0.5414.120)
Build info: version: &amp;apos;4.0.0&amp;apos;, revision: &amp;apos;3a21814679&amp;apos;
System info: host: &amp;apos;SA-RAFROZ-LT&amp;apos;, ip: &amp;apos;10.133.9.79&amp;apos;, os.name: &amp;apos;Windows 10&amp;apos;, os.arch: &amp;apos;amd64&amp;apos;, os.version: &amp;apos;10.0&amp;apos;, java.version: &amp;apos;17.0.4.1&amp;apos;
Driver info: org.openqa.selenium.chrome.ChromeDriver
Command: [a375293a83bde85487a0476fe3f1735e, actions {actions=[org.openqa.selenium.interactions.Sequence@5952e3c0]}]
Capabilities {acceptInsecureCerts: false, browserName: chrome, browserVersion: 109.0.5414.120, chrome: {chromedriverVersion: 109.0.5414.74 (e7c5703604da..., userDataDir: C:\Users\rafroz\AppData\Loc...}, goog:chromeOptions: {debuggerAddress: localhost:58298}, javascriptEnabled: true, networkConnectionEnabled: false, pageLoadStrategy: normal, platform: WINDOWS, platformName: WINDOWS, proxy: Proxy(), se:cdp: ws://localhost:58298/devtoo..., se:cdpVersion: 109.0.5414.120, setWindowRect: true, strictFileInteractability: false, timeouts: {implicit: 0, pageLoad: 300000, script: 30000}, unhandledPromptBehavior: dismiss and notify, webauthn:extension:credBlob: true, webauthn:extension:largeBlob: true, webauthn:virtualAuthenticators: true}
Session ID: a375293a83bde85487a0476fe3f1735e">
      <![CDATA[org.openqa.selenium.ElementNotInteractableException: element not interactable:  has no size and location
  (Session info: chrome=109.0.5414.120)
Build info: version: '4.0.0', revision: '3a21814679'
System info: host: 'SA-RAFROZ-LT', ip: '10.133.9.79', os.name: 'Windows 10', os.arch: 'amd64', os.version: '10.0', java.version: '17.0.4.1'
Driver info: org.openqa.selenium.chrome.ChromeDriver
Command: [a375293a83bde85487a0476fe3f1735e, actions {actions=[org.openqa.selenium.interactions.Sequence@5952e3c0]}]
Capabilities {acceptInsecureCerts: false, browserName: chrome, browserVersion: 109.0.5414.120, chrome: {chromedriverVersion: 109.0.5414.74 (e7c5703604da..., userDataDir: C:\Users\rafroz\AppData\Loc...}, goog:chromeOptions: {debuggerAddress: localhost:58298}, javascriptEnabled: true, networkConnectionEnabled: false, pageLoadStrategy: normal, platform: WINDOWS, platformName: WINDOWS, proxy: Proxy(), se:cdp: ws://localhost:58298/devtoo..., se:cdpVersion: 109.0.5414.120, setWindowRect: true, strictFileInteractability: false, timeouts: {implicit: 0, pageLoad: 300000, script: 30000}, unhandledPromptBehavior: dismiss and notify, webauthn:extension:credBlob: true, webauthn:extension:largeBlob: true, webauthn:virtualAuthenticators: true}
Session ID: a375293a83bde85487a0476fe3f1735e
at java.base/jdk.internal.reflect.NativeConstructorAccessorImpl.newInstance0(Native Method)
at java.base/jdk.internal.reflect.NativeConstructorAccessorImpl.newInstance(NativeConstructorAccessorImpl.java:77)
at java.base/jdk.internal.reflect.DelegatingConstructorAccessorImpl.newInstance(DelegatingConstructorAccessorImpl.java:45)
at java.base/java.lang.reflect.Constructor.newInstanceWithCaller(Constructor.java:499)
at java.base/java.lang.reflect.Constructor.newInstance(Constructor.java:480)
at org.openqa.selenium.remote.codec.w3c.W3CHttpResponseCodec.createException(W3CHttpResponseCodec.java:200)
at org.openqa.selenium.remote.codec.w3c.W3CHttpResponseCodec.decode(W3CHttpResponseCodec.java:133)
at org.openqa.selenium.remote.codec.w3c.W3CHttpResponseCodec.decode(W3CHttpResponseCodec.java:53)
at org.openqa.selenium.remote.HttpCommandExecutor.execute(HttpCommandExecutor.java:184)
at org.openqa.selenium.remote.service.DriverCommandExecutor.invokeExecute(DriverCommandExecutor.java:164)
at org.openqa.selenium.remote.service.DriverCommandExecutor.execute(DriverCommandExecutor.java:139)
at org.openqa.selenium.remote.RemoteWebDriver.execute(RemoteWebDriver.java:559)
at org.openqa.selenium.remote.RemoteWebDriver.perform(RemoteWebDriver.java:627)
at org.openqa.selenium.interactions.Actions$BuiltAction.perform(Actions.java:617)
at org.openqa.selenium.interactions.Actions.perform(Actions.java:573)
at com.qa.ngageplatform.utils.ElementUtil.moveToElementAndClick(ElementUtil.java:488)
at com.qa.ngageplatform.pages.NewDocPage.navigateAndClickToRenderAllFieldsTypeLink(NewDocPage.java:805)
at com.qa.ngageplatform.tests.WMITest.verifyCategoryMenuTab_WMI7(WMITest.java:133)
at java.base/jdk.internal.reflect.NativeMethodAccessorImpl.invoke0(Native Method)
at java.base/jdk.internal.reflect.NativeMethodAccessorImpl.invoke(NativeMethodAccessorImpl.java:77)
at java.base/jdk.internal.reflect.DelegatingMethodAccessorImpl.invoke(DelegatingMethodAccessorImpl.java:43)
at java.base/java.lang.reflect.Method.invoke(Method.java:568)
at org.testng.internal.MethodInvocationHelper.invokeMethod(MethodInvocationHelper.java:124)
at org.testng.internal.Invoker.invokeMethod(Invoker.java:583)
at org.testng.internal.Invoker.invokeTestMethod(Invoker.java:719)
at org.testng.internal.Invoker.invokeTestMethods(Invoker.java:989)
at org.testng.internal.TestMethodWorker.invokeTestMethods(TestMethodWorker.java:125)
at org.testng.internal.TestMethodWorker.run(TestMethodWorker.java:109)
at java.base/java.util.concurrent.ThreadPoolExecutor.runWorker(ThreadPoolExecutor.java:1136)
at java.base/java.util.concurrent.ThreadPoolExecutor$Worker.run(ThreadPoolExecutor.java:635)
at java.base/java.lang.Thread.run(Thread.java:833)
]]>
    </failure>
  </testcase> <!-- verifyCategoryMenuTab_WMI7 -->
  <testcase classname="com.qa.ngageplatform.tests.MyWorkSimplifiedTest" name="verifyCloserActionActivityADetails_MWS001_To_MWS006" time="152.849"/>
  <testcase classname="com.qa.ngageplatform.tests.WMITest" name="verifyMasterObjectFeatureWorkItemComponents_WMI7" time="21.211"/>
  <testcase classname="com.qa.ngageplatform.tests.HomePageTest" name="verifyRecentDocumentList_HOME_001_HOME_002_HOME_003_HOME007_HOME009" time="109.148"/>
  <testcase classname="com.qa.ngageplatform.tests.MyWorkTest" name="verifyAssignedWorkItem" time="82.124"/>
  <testcase classname="com.qa.ngageplatform.tests.HomePageTest" name="verifyUploadedPDFDocument_HOME008" time="49.712"/>
  <testcase classname="com.qa.ngageplatform.tests.WMITest" name="verifyReferenceObjectInlineNewDocumentContent_WMI2_WMI_3_WMI_4" time="80.806"/>
  <testcase classname="com.qa.ngageplatform.tests.MyWorkTest" name="verifyClosureActionDashboardPageContent_MW014" time="33.311"/>
  <testcase classname="com.qa.ngageplatform.tests.MyWorkTest" name="verifyLockIcon" time="92.984"/>
  <testcase classname="com.qa.ngageplatform.tests.MyWorkTest" name="verifyPaginationInfoAndCustomerNameForWorkItemList_MW001_MW002" time="58.472"/>
  <testcase classname="com.qa.ngageplatform.tests.MyWorkTest" name="verifyProcessDueDateBetweenStartAndEndRange_MW005_MW006" time="69.208"/>
  <testcase classname="com.qa.ngageplatform.tests.MyWorkTest" name="verifyProcessDueDateEndRange_MW004" time="51.835"/>
  <testcase classname="com.qa.ngageplatform.tests.MyWorkTest" name="verifyProcessDueDateStartRange_MW003" time="49.387"/>
  <testcase classname="com.qa.ngageplatform.tests.MyWorkTest" name="verifyProcessesDashboardPageContent_MW013" time="42.18"/>
  <testcase classname="com.qa.ngageplatform.tests.MyWorkTest" name="verifyRightClickOptionForActivityAWithFolderingConfigurationScreenContent" time="34.75"/>
  <testcase classname="com.qa.ngageplatform.tests.MyWorkTest" name="verifyRightClickOptionForReloadOnPostback_MW008_MW009" time="20.498"/>
  <testcase classname="com.qa.ngageplatform.tests.MyWorkTest" name="verifyRouteActivityC_MW010" time="67.611"/>
  <testcase classname="com.qa.ngageplatform.tests.MyWorkTest" name="verifySortingByFolderingConfigurationScreenSelection_MW012" time="90.05"/>
  <testcase classname="com.qa.ngageplatform.tests.ReportTest" name="verifyAllWorkItemErrorReportGraghExist_Report005" time="17.793"/>
  <testcase classname="com.qa.ngageplatform.tests.MyWorkSimplifiedTest" name="verifyWindowInfoAndCount_MWS007" time="84.115"/>
  <testcase classname="com.qa.ngageplatform.tests.RepositoryTest" name="verifySearchResultForDateTimeDoc_Repo003_To_Repo008" time="117.082"/>
  <testcase classname="com.qa.ngageplatform.tests.ReportTest" name="verifyUserlistingUpdatedResultReportGraghExist_Report_006" time="16.449"/>
  <testcase classname="com.qa.ngageplatform.tests.MyWorkSimplifiedTest" name="verifyPageCount_MWS008" time="38.297"/>
  <testcase classname="com.qa.ngageplatform.tests.RepositoryTest" name="verifySearchResultForClosureDoc_Repo009_To_Repo010" time="68.495"/>
  <testcase classname="com.qa.ngageplatform.tests.ReportTest" name="verifyUserGrouplistingReport_007" time="23.446"/>
  <testcase classname="com.qa.ngageplatform.tests.RepositoryTest" name="verifySearchResultForBusinessModelDoc_Repo011" time="33.492"/>
  <testcase classname="com.qa.ngageplatform.tests.MyWorkSimplifiedTest" name="verifyRecordSortedAscAndDsc_MWS009" time="62.088"/>
  <testcase classname="com.qa.ngageplatform.tests.MyWorkSimplifiedTest" name="verifyGetNextIsDisplayesOrNot_MWS010" time="49.686"/>
  <testcase classname="com.qa.ngageplatform.tests.RepositoryTest" name="verifySearchResultForWMIMenu_Repo012" time="74.955"/>
  <testcase classname="com.qa.ngageplatform.tests.RepositoryTest" name="verifyCloser_Repo013" time="30.601"/>
  <testcase classname="com.qa.ngageplatform.tests.RepositoryTest" name="verifyMultivalue_Repo014" time="38.016"/>
</testsuite> <!-- nGgage Smoke Suite -->
