<?xml version="1.0" encoding="UTF-8"?>
<!-- Generated by org.testng.reporters.JUnitReportReporter -->
<testsuite hostname="SA-RAFROZ-LT" failures="1" tests="3" name="com.qa.ngageplatform.tests.HomePageTest" time="284.713" errors="0" timestamp="27 Jan 2023 14:30:10 GMT" skipped="0">
  <testcase classname="com.qa.ngageplatform.tests.HomePageTest" name="verifyRecentDocumentList_HOME_001_HOME_002_HOME_003_HOME007_HOME009" time="141.338"/>
  <testcase classname="com.qa.ngageplatform.tests.HomePageTest" name="VerifyFavouritesDocList_HOME_004_HOME_005_HOME_006" time="91.261">
    <failure message="&quot;new value added using additional field&quot; and &quot;MyTest&quot; is not equal.Should be equal" type="java.lang.AssertionError">
      <![CDATA[java.lang.AssertionError: "new value added using additional field" and "MyTest" is not equal.Should be equal
at org.testng.Assert.fail(Assert.java:96)
at com.qa.ngageplatform.utils.AssertionUtil.verifyEqual(AssertionUtil.java:33)
at com.qa.ngageplatform.tests.HomePageTest.VerifyFavouritesDocList_HOME_004_HOME_005_HOME_006(HomePageTest.java:53)
at java.base/jdk.internal.reflect.NativeMethodAccessorImpl.invoke0(Native Method)
at java.base/jdk.internal.reflect.NativeMethodAccessorImpl.invoke(NativeMethodAccessorImpl.java:77)
at java.base/jdk.internal.reflect.DelegatingMethodAccessorImpl.invoke(DelegatingMethodAccessorImpl.java:43)
at java.base/java.lang.reflect.Method.invoke(Method.java:568)
at org.testng.internal.MethodInvocationHelper.invokeMethod(MethodInvocationHelper.java:124)
at org.testng.internal.Invoker.invokeMethod(Invoker.java:583)
at org.testng.internal.Invoker.invokeTestMethod(Invoker.java:719)
at org.testng.internal.Invoker.invokeTestMethods(Invoker.java:989)
at org.testng.internal.TestMethodWorker.invokeTestMethods(TestMethodWorker.java:125)
at org.testng.internal.TestMethodWorker.run(TestMethodWorker.java:109)
at java.base/java.util.concurrent.ThreadPoolExecutor.runWorker(ThreadPoolExecutor.java:1136)
at java.base/java.util.concurrent.ThreadPoolExecutor$Worker.run(ThreadPoolExecutor.java:635)
at java.base/java.lang.Thread.run(Thread.java:833)
]]>
    </failure>
  </testcase> <!-- VerifyFavouritesDocList_HOME_004_HOME_005_HOME_006 -->
  <testcase classname="com.qa.ngageplatform.tests.HomePageTest" name="verifyUploadedPDFDocument_HOME008" time="52.114"/>
</testsuite> <!-- com.qa.ngageplatform.tests.HomePageTest -->
